<?xml version="1.0" encoding="UTF-8"?>
<!-- Generated by org.testng.reporters.JUnitXMLReporter -->
<testsuite ignored="0" hostname="DESKTOP-K5N8E8U" failures="3" tests="4" name="BankingApp Test" time="54.248" errors="0" timestamp="2020-10-10T10:17:15 IST">
  <testcase classname="com.inetbanking.testcases.TC_LoginDDTest_002" name="loginDDT" time="12.88"/>
  <testcase classname="com.inetbanking.testcases.TC_LoginDDTest_002" name="loginDDT" time="7.104">
    <failure type="java.lang.AssertionError" message="expected [true] but found [false]">
      <![CDATA[java.lang.AssertionError: expected [true] but found [false]
at com.inetbanking.testcases.TC_LoginDDTest_002.loginDDT(TC_LoginDDTest_002.java:32)
at java.base/java.util.ArrayList.forEach(ArrayList.java:1507)
... Removed 31 stack frames]]>
    </failure>
  </testcase> <!-- loginDDT -->
  <testcase classname="com.inetbanking.testcases.TC_LoginDDTest_002" name="loginDDT" time="7.85">
    <failure type="java.lang.AssertionError" message="expected [true] but found [false]">
      <![CDATA[java.lang.AssertionError: expected [true] but found [false]
at com.inetbanking.testcases.TC_LoginDDTest_002.loginDDT(TC_LoginDDTest_002.java:32)
at java.base/java.util.ArrayList.forEach(ArrayList.java:1507)
... Removed 31 stack frames]]>
    </failure>
  </testcase> <!-- loginDDT -->
  <testcase classname="com.inetbanking.testcases.TC_LoginDDTest_002" name="loginDDT" time="6.874">
    <failure type="java.lang.AssertionError" message="expected [true] but found [false]">
      <![CDATA[java.lang.AssertionError: expected [true] but found [false]
at com.inetbanking.testcases.TC_LoginDDTest_002.loginDDT(TC_LoginDDTest_002.java:32)
at java.base/java.util.ArrayList.forEach(ArrayList.java:1507)
... Removed 31 stack frames]]>
    </failure>
  </testcase> <!-- loginDDT -->
</testsuite> <!-- BankingApp Test -->
