<?xml version="1.0" encoding="UTF-8"?>
<testng-results ignored="0" total="1" passed="1" failed="0" skipped="0">
  <reporter-output>
  </reporter-output>
  <suite started-at="2020-10-10T23:04:24 IST" name="inetbankingV1" finished-at="2020-10-10T23:05:40 IST" duration-ms="76746">
    <groups>
    </groups>
    <test started-at="2020-10-10T23:04:24 IST" name="BankingApp Test" finished-at="2020-10-10T23:05:40 IST" duration-ms="76746">
      <class name="com.inetbanking.testcases.TC_LoginTest_001">
        <test-method is-config="true" signature="setup(java.lang.String)[pri:0, instance:com.inetbanking.testcases.TC_LoginTest_001@419c5f1a]" started-at="2020-10-10T23:04:25 IST" name="setup" finished-at="2020-10-10T23:04:53 IST" duration-ms="28829" status="PASS">
          <params>
            <param index="0">
              <value>
                <![CDATA[chrome]]>
              </value>
            </param>
          </params>
          <reporter-output>
          </reporter-output>
        </test-method> <!-- setup -->
        <test-method signature="loginTest()[pri:0, instance:com.inetbanking.testcases.TC_LoginTest_001@419c5f1a]" started-at="2020-10-10T23:04:53 IST" name="loginTest" finished-at="2020-10-10T23:05:40 IST" duration-ms="46418" status="PASS">
          <reporter-output>
          </reporter-output>
        </test-method> <!-- loginTest -->
      </class> <!-- com.inetbanking.testcases.TC_LoginTest_001 -->
    </test> <!-- BankingApp Test -->
  </suite> <!-- inetbankingV1 -->
</testng-results>
